{"C:\\Users\\Dell\\OneDrive\\Documents\\REACT-FULL-LEARNING\\src\\components\\ContactUs.jsx": {"path":"C:\\Users\\Dell\\OneDrive\\Documents\\REACT-FULL-LEARNING\\src\\components\\ContactUs.jsx","statementMap":{"0":{"start":{"line":2,"column":17},"end":{"line":14,"column":1}},"1":{"start":{"line":3,"column":4},"end":{"line":13,"column":5}}},"fnMap":{"0":{"name":"(anonymous_0)","decl":{"start":{"line":2,"column":17},"end":{"line":2,"column":18}},"loc":{"start":{"line":2,"column":21},"end":{"line":14,"column":1}},"line":2}},"branchMap":{},"s":{"0":1,"1":1},"f":{"0":1},"b":{},"_coverageSchema":"1a1c01bbd47fc00a2c39e90264f33305004495a9","hash":"4714ac735a2df600e8d93cf5cb06577d221eb914"}
,"C:\\Users\\Dell\\OneDrive\\Documents\\REACT-FULL-LEARNING\\src\\components\\sum.js": {"path":"C:\\Users\\Dell\\OneDrive\\Documents\\REACT-FULL-LEARNING\\src\\components\\sum.js","statementMap":{"0":{"start":{"line":1,"column":19},"end":{"line":3,"column":1}},"1":{"start":{"line":2,"column":2},"end":{"line":2,"column":15}}},"fnMap":{"0":{"name":"(anonymous_0)","decl":{"start":{"line":1,"column":19},"end":{"line":1,"column":20}},"loc":{"start":{"line":1,"column":29},"end":{"line":3,"column":1}},"line":1}},"branchMap":{},"s":{"0":1,"1":1},"f":{"0":1},"b":{},"_coverageSchema":"1a1c01bbd47fc00a2c39e90264f33305004495a9","hash":"e3dc60cc5b1038617bac67a3aedf8d029d88f373"}
}
